epoch,accuracy,loss,lr,val_accuracy,val_loss
0,0.20445191860198975,12.349602699279785,1e-04,0.07012195140123367,8.54883098602295
1,0.3296348452568054,5.709599018096924,1e-04,0.2846798598766327,4.329763412475586
2,0.4261069595813751,3.554314613342285,1e-04,0.37385669350624084,3.2442073822021484
3,0.48090413212776184,2.855076789855957,1e-04,0.3555639982223511,2.84964919090271
4,0.5097248554229736,2.5099589824676514,1e-04,0.37309449911117554,2.5944600105285645
5,0.5220432281494141,2.316392183303833,1e-04,0.34984755516052246,2.545395612716675
6,0.5380783677101135,2.1760876178741455,1e-04,0.35060974955558777,2.536956310272217
7,0.5466387271881104,2.0885984897613525,1e-04,0.4169207215309143,2.29792857170105
8,0.559149444103241,2.0118017196655273,1e-04,0.42644816637039185,2.2474257946014404
9,0.5620830655097961,1.953484058380127,1e-04,0.4908536374568939,2.0605342388153076
10,0.5689738988876343,1.9132773876190186,1e-04,0.4596036374568939,2.1123945713043213
11,0.5718319416046143,1.8906751871109009,1e-04,0.5141006112098694,1.9798434972763062
12,0.5743739604949951,1.8592009544372559,1e-04,0.5262957215309143,1.9786367416381836
13,0.579272449016571,1.8267930746078491,1e-04,0.5201981663703918,1.9817891120910645
14,0.5776236057281494,1.832216739654541,1e-04,0.5038109421730042,1.968877911567688
15,0.57908695936203,1.7956385612487793,1e-04,0.5060975551605225,1.9760462045669556
16,0.5799388289451599,1.7807310819625854,1e-04,0.45045730471611023,2.0289180278778076
17,0.5821923017501831,1.7676559686660767,1e-04,0.48666155338287354,2.015273094177246
18,0.5864930748939514,1.7495231628417969,1e-04,0.5190548300743103,1.9128988981246948
19,0.5871732234954834,1.7291896343231201,1e-04,0.508384108543396,1.8934290409088135
20,0.5852633118629456,1.7335987091064453,1e-04,0.4557926654815674,2.0203936100006104
21,0.5864930748939514,1.727307915687561,1e-04,0.47332316637039185,2.0025506019592285
22,0.5886572003364563,1.7184135913848877,1e-04,0.48742374777793884,1.9722174406051636
23,0.5864312648773193,1.7007044553756714,1e-04,0.47751522064208984,1.9367560148239136
24,0.5899075865745544,1.6921730041503906,1e-04,0.5015243887901306,1.8809618949890137
25,0.5896465182304382,1.6746232509613037,1e-04,0.504192054271698,1.8630132675170898
26,0.5917556881904602,1.6656352281570435,1e-04,0.4588414430618286,1.9099453687667847
27,0.5943595170974731,1.6578682661056519,1e-04,0.5537347197532654,1.77615225315094
28,0.5938167572021484,1.6526765823364258,1e-04,0.482850581407547,1.8959789276123047
29,0.5951427221298218,1.6347856521606445,1e-04,0.48475608229637146,1.8733714818954468
30,0.5931915640830994,1.6344352960586548,1e-04,0.48475608229637146,1.8752448558807373
31,0.5940846800804138,1.6182630062103271,1e-04,0.5293444991111755,1.828373908996582
32,0.596461832523346,1.6166009902954102,1e-04,0.47599083185195923,1.8874332904815674
33,0.5967778563499451,1.61375892162323,1e-04,0.5259146094322205,1.8105921745300293
34,0.5954244136810303,1.6086273193359375,1e-04,0.4546493589878082,1.9079885482788086
35,0.6210985779762268,1.4623615741729736,5e-05,0.5026676654815674,1.6960341930389404
36,0.6238054037094116,1.4026107788085938,5e-05,0.5594512224197388,1.5590615272521973
37,0.6273573637008667,1.3686792850494385,5e-05,0.5076219439506531,1.6487938165664673
38,0.6289443969726562,1.358534812927246,5e-05,0.5342987775802612,1.5975651741027832
39,0.6275634765625,1.3467642068862915,5e-05,0.535442054271698,1.5650827884674072
40,0.6286489367485046,1.3374295234680176,5e-05,0.5586889982223511,1.545731544494629
41,0.6294665336608887,1.3275458812713623,5e-05,0.5282012224197388,1.5651392936706543
42,0.631287157535553,1.3247696161270142,5e-05,0.5110518336296082,1.6277600526809692
43,0.6288550496101379,1.323630928993225,5e-05,0.5121951103210449,1.5981838703155518
44,0.6305795311927795,1.3146929740905762,5e-05,0.5099084973335266,1.6088743209838867
45,0.6301741600036621,1.3078136444091797,5e-05,0.5125762224197388,1.5905327796936035
46,0.6319810152053833,1.3052647113800049,5e-05,0.5411584973335266,1.5658750534057617
47,0.6329978108406067,1.3029440641403198,5e-05,0.5430639982223511,1.5376527309417725
48,0.632152795791626,1.3008726835250854,5e-05,0.4958079159259796,1.5994770526885986
49,0.6304077506065369,1.3018171787261963,5e-05,0.5335365533828735,1.5504963397979736
50,0.6319741606712341,1.3062160015106201,5e-05,0.5114328861236572,1.6098589897155762
51,0.6337398290634155,1.299364447593689,5e-05,0.5327743887901306,1.5634976625442505
52,0.635938286781311,1.29555344581604,5e-05,0.5472560524940491,1.5240447521209717
53,0.6320565938949585,1.2948938608169556,5e-05,0.5369664430618286,1.5291650295257568
54,0.6322901844978333,1.2870136499404907,5e-05,0.4596036374568939,1.680685043334961
55,0.6305108070373535,1.2910221815109253,5e-05,0.5213414430618286,1.5646997690200806
56,0.6311085224151611,1.2898916006088257,5e-05,0.519817054271698,1.573113203048706
57,0.6334993839263916,1.282852053642273,5e-05,0.5129572749137878,1.632834792137146
58,0.6327573657035828,1.2809573411941528,5e-05,0.5247713327407837,1.5378931760787964
59,0.6317680478096008,1.2867711782455444,5e-05,0.49314022064208984,1.6054551601409912
60,0.6481467485427856,1.2230223417282104,2.5e-05,0.5445883870124817,1.4752514362335205
61,0.6539727449417114,1.1864287853240967,2.5e-05,0.5423018336296082,1.4595732688903809
62,0.6531482934951782,1.1705660820007324,2.5e-05,0.5221036672592163,1.4875092506408691
63,0.6546391248703003,1.1554051637649536,2.5e-05,0.5141006112098694,1.5098901987075806
64,0.6548658609390259,1.1488531827926636,2.5e-05,0.539634108543396,1.46243417263031
65,0.6570574641227722,1.1335744857788086,2.5e-05,0.5518292188644409,1.4180405139923096
66,0.6576895117759705,1.1344516277313232,2.5e-05,0.5323932766914368,1.4651893377304077
67,0.6572567224502563,1.1257691383361816,2.5e-05,0.5499237775802612,1.4368292093276978
68,0.6574971675872803,1.1199369430541992,2.5e-05,0.5537347197532654,1.421105146408081
69,0.6586170196533203,1.119084119796753,2.5e-05,0.4935213327407837,1.5316288471221924
70,0.6586170196533203,1.1140668392181396,2.5e-05,0.5114328861236572,1.4948086738586426
71,0.6595445275306702,1.1097667217254639,2.5e-05,0.5346798300743103,1.4524357318878174
72,0.6592284440994263,1.1079983711242676,2.5e-05,0.5377286672592163,1.4410014152526855
73,0.6654872894287109,1.076476812362671,1.25e-05,0.5701219439506531,1.363997459411621
74,0.673065185546875,1.0500673055648804,1.25e-05,0.5575457215309143,1.3990843296051025
75,0.6711826920509338,1.0447196960449219,1.25e-05,0.5278201103210449,1.4464834928512573
76,0.6711621284484863,1.0422393083572388,1.25e-05,0.524009108543396,1.4477825164794922
77,0.6719865202903748,1.0319520235061646,1.25e-05,0.5419207215309143,1.405200481414795
78,0.6735254526138306,1.027368187904358,1.25e-05,0.5605944991111755,1.382472276687622
79,0.6766858100891113,1.018286108970642,1.25e-05,0.5339176654815674,1.4152522087097168
80,0.6762529611587524,1.0158538818359375,1.25e-05,0.5106707215309143,1.507624864578247
81,0.6806567907333374,1.0004782676696777,6.25e-06,0.5346798300743103,1.427757740020752
82,0.6819621324539185,0.9849528670310974,6.25e-06,0.53125,1.4332386255264282
83,0.6850125193595886,0.9795110821723938,6.25e-06,0.5499237775802612,1.4069288969039917
84,0.6841949820518494,0.9772617220878601,6.25e-06,0.5617377758026123,1.3617006540298462
85,0.6853560209274292,0.9717034697532654,6.25e-06,0.5339176654815674,1.4366270303726196
86,0.6859812140464783,0.9641675353050232,6.25e-06,0.5419207215309143,1.4043998718261719
87,0.6879392862319946,0.9631969928741455,6.25e-06,0.5350609421730042,1.4271595478057861
88,0.6879873871803284,0.9537883996963501,6.25e-06,0.5339176654815674,1.4435627460479736
89,0.6863591074943542,0.9568580985069275,6.25e-06,0.5419207215309143,1.4187426567077637
90,0.6876782178878784,0.9532548785209656,6.25e-06,0.5434451103210449,1.398983120918274
91,0.6890797019004822,0.9504597783088684,6.25e-06,0.5331554412841797,1.414966106414795
92,0.6901652216911316,0.9444652795791626,3.125e-06,0.5411584973335266,1.4125834703445435
93,0.6920820474624634,0.9329487681388855,3.125e-06,0.5400152206420898,1.4204951524734497
94,0.691807210445404,0.9314087629318237,3.125e-06,0.5434451103210449,1.4049501419067383
95,0.6922743916511536,0.9319278001785278,3.125e-06,0.5461127758026123,1.4067491292953491
96,0.6917935013771057,0.926932692527771,3.125e-06,0.5373475551605225,1.426313877105713
97,0.6921988129615784,0.9258779883384705,3.125e-06,0.53125,1.4452362060546875
98,0.6946309208869934,0.9246029257774353,3.125e-06,0.5335365533828735,1.4311497211456299
99,0.6969942450523376,0.9124479293823242,1.5625e-06,0.5407774448394775,1.4156328439712524
100,0.6972141265869141,0.9103791117668152,1.5625e-06,0.5442072749137878,1.4178749322891235
101,0.6962866187095642,0.9109465479850769,1.5625e-06,0.5403963327407837,1.4257986545562744
102,0.6982171535491943,0.9105859994888306,1.5625e-06,0.5381097197532654,1.4235246181488037
103,0.6971935033798218,0.9092474579811096,1.5625e-06,0.5438262224197388,1.4180073738098145
104,0.6968981027603149,0.9067382216453552,1.5625e-06,0.5457316637039185,1.4094828367233276
0,0.19031396508216858,11.128440856933594,1e-04,0.19110575318336487,6.203190803527832
1,0.31663277745246887,4.335400581359863,1e-04,0.3422475755214691,3.4403975009918213
2,0.4272109866142273,2.9806466102600098,1e-04,0.3915264308452606,2.8032631874084473
3,0.4716967046260834,2.52875018119812,1e-04,0.4107571840286255,2.520156145095825
4,0.49205783009529114,2.3101699352264404,1e-04,0.43930286169052124,2.326449394226074
5,0.5079155564308167,2.1447761058807373,1e-04,0.4984975755214691,2.1500353813171387
6,0.5173535346984863,2.0642783641815186,1e-04,0.49579325318336487,2.0733227729797363
7,0.5253117084503174,1.9920613765716553,1e-04,0.4828725755214691,2.08359432220459
8,0.5312097668647766,1.9516137838363647,1e-04,0.505108118057251,2.017958641052246
9,0.5316462516784668,1.9228944778442383,1e-04,0.5270432233810425,1.955420732498169
10,0.5356758832931519,1.887554407119751,1e-04,0.5039061903953552,1.9517523050308228
11,0.5391412973403931,1.8590772151947021,1e-04,0.4468148648738861,2.066182851791382
12,0.5391945242881775,1.8422669172286987,1e-04,0.5111177563667297,1.9099335670471191
13,0.5386941432952881,1.82154381275177,1e-04,0.45042064785957336,1.9983850717544556
14,0.5395724773406982,1.8087137937545776,1e-04,0.5219350457191467,1.890560507774353
15,0.5432986617088318,1.793295979499817,1e-04,0.5066105723381042,1.904309868812561
16,0.5463009476661682,1.7753514051437378,1e-04,0.4984975755214691,1.8672280311584473
17,0.5459442734718323,1.7631592750549316,1e-04,0.5078124403953552,1.8653429746627808
18,0.5453481078147888,1.7558860778808594,1e-04,0.501201868057251,1.853147268295288
19,0.5499686002731323,1.7479522228240967,1e-04,0.460036039352417,1.9063324928283691
20,0.5504157543182373,1.732323169708252,1e-04,0.46995189785957336,1.876762866973877
21,0.5478127002716064,1.7194125652313232,1e-04,0.5018028616905212,1.7952194213867188
22,0.5501868724822998,1.708806037902832,1e-04,0.44170671701431274,1.9105758666992188
23,0.5525343418121338,1.6920909881591797,1e-04,0.5405648946762085,1.795960545539856
24,0.5510917901992798,1.6949867010116577,1e-04,0.49158650636672974,1.810104250907898
25,0.5507883429527283,1.6799111366271973,1e-04,0.5042067170143127,1.7643641233444214
26,0.5527526140213013,1.6690855026245117,1e-04,0.49338939785957336,1.7847627401351929
27,0.5535191297531128,1.653182864189148,1e-04,0.5174278616905212,1.7627830505371094
28,0.5531572103500366,1.653100848197937,1e-04,0.5240384340286255,1.726324439048767
29,0.5543282628059387,1.6408783197402954,1e-04,0.5045071840286255,1.7737113237380981
30,0.5527313351631165,1.6337240934371948,1e-04,0.49969950318336487,1.7502180337905884
31,0.5533009171485901,1.627159595489502,1e-04,0.5120192170143127,1.747979760169983
32,0.5553077459335327,1.6154460906982422,1e-04,0.5360576510429382,1.6979197263717651
33,0.557064414024353,1.6046772003173828,1e-04,0.5291466116905212,1.6874576807022095
34,0.5538917779922485,1.5996884107589722,1e-04,0.532451868057251,1.6832422018051147
35,0.5574796199798584,1.5923491716384888,1e-04,0.5111177563667297,1.7329847812652588
36,0.5592149496078491,1.5884342193603516,1e-04,0.5351561903953552,1.6755826473236084
37,0.5577936768531799,1.573030948638916,1e-04,0.5351561903953552,1.6751068830490112
38,0.5621373653411865,1.561366081237793,1e-04,0.47836536169052124,1.7314883470535278
39,0.559406578540802,1.5602381229400635,1e-04,0.47596150636672974,1.7133342027664185
40,0.556904673576355,1.5600796937942505,1e-04,0.439603328704834,1.8980774879455566
41,0.5600613355636597,1.5472214221954346,1e-04,0.4882812201976776,1.7099469900131226
42,0.5609449744224548,1.5443205833435059,1e-04,0.49969950318336487,1.705527424812317
43,0.5599921345710754,1.5371688604354858,1e-04,0.5270432233810425,1.6659449338912964
44,0.5606468915939331,1.5324801206588745,1e-04,0.548076868057251,1.632521629333496
45,0.5619829893112183,1.5217397212982178,1e-04,0.474759578704834,1.7025113105773926
46,0.5636491775512695,1.5133991241455078,1e-04,0.44501200318336487,1.7984230518341064
47,0.5636597871780396,1.5084782838821411,1e-04,0.5027043223381042,1.6578069925308228
48,0.5633723735809326,1.504697561264038,1e-04,0.48377400636672974,1.6785633563995361
49,0.5599868297576904,1.5051085948944092,1e-04,0.4843749701976776,1.6753166913986206
50,0.5665023922920227,1.4938980340957642,1e-04,0.460036039352417,1.7561792135238647
51,0.5603700876235962,1.4942359924316406,1e-04,0.501201868057251,1.6628426313400269
52,0.579017162322998,1.409399151802063,5e-05,0.49699515104293823,1.5935146808624268
53,0.583781361579895,1.3626270294189453,5e-05,0.5114182233810425,1.5177792310714722
54,0.5862725973129272,1.3417521715164185,5e-05,0.5174278616905212,1.5077049732208252
55,0.5866665244102478,1.3261933326721191,5e-05,0.5369591116905212,1.471917986869812
56,0.5862353444099426,1.3158992528915405,5e-05,0.549879789352417,1.4578651189804077
57,0.5856391787528992,1.3149850368499756,5e-05,0.5621994733810425,1.4236263036727905
58,0.5862992405891418,1.309324026107788,5e-05,0.518629789352417,1.4633424282073975
59,0.5875608325004578,1.3057676553726196,5e-05,0.5357571840286255,1.4586765766143799
60,0.5921174883842468,1.2967545986175537,5e-05,0.536358118057251,1.452643871307373
61,0.5904779434204102,1.295194387435913,5e-05,0.5399639010429382,1.4378907680511475
62,0.5914307832717896,1.2942532300949097,5e-05,0.5435696840286255,1.4520460367202759
63,0.5924475193023682,1.2948602437973022,5e-05,0.5300480723381042,1.4489620923995972
64,0.5912817120552063,1.2894543409347534,5e-05,0.5549879670143127,1.4309840202331543
65,0.6023113131523132,1.2462670803070068,2.5e-05,0.5582932233810425,1.380164623260498
66,0.6060695052146912,1.2214969396591187,2.5e-05,0.5549879670143127,1.3815163373947144
67,0.6077835559844971,1.207735538482666,2.5e-05,0.555889368057251,1.375300645828247
68,0.6067934632301331,1.200548529624939,2.5e-05,0.568509578704834,1.363993763923645
69,0.6080390810966492,1.1913756132125854,2.5e-05,0.5778244733810425,1.3381072282791138
70,0.6080177426338196,1.1879085302352905,2.5e-05,0.5462740063667297,1.3908140659332275
71,0.6089759469032288,1.1805100440979004,2.5e-05,0.579326868057251,1.3229801654815674
72,0.608677864074707,1.1795300245285034,2.5e-05,0.5661057233810425,1.3303667306900024
73,0.6096413135528564,1.1732006072998047,2.5e-05,0.5679086446762085,1.3308141231536865
74,0.6085287928581238,1.1723179817199707,2.5e-05,0.548978328704834,1.3819442987442017
75,0.6097850799560547,1.1673637628555298,2.5e-05,0.556790828704834,1.3619420528411865
76,0.609135627746582,1.165216088294983,2.5e-05,0.5573918223381042,1.3631678819656372
77,0.6073257327079773,1.1629921197891235,2.5e-05,0.5543869733810425,1.3690012693405151
78,0.6135644912719727,1.1605881452560425,2.5e-05,0.5546874403953552,1.3729673624038696
79,0.615864098072052,1.1365635395050049,1.25e-05,0.569411039352417,1.3213872909545898
80,0.6163219213485718,1.1252979040145874,1.25e-05,0.5643028616905212,1.3210703134536743
81,0.6206283569335938,1.1147574186325073,1.25e-05,0.5766225457191467,1.294468641281128
82,0.6207242012023926,1.1103577613830566,1.25e-05,0.5691105723381042,1.2993671894073486
83,0.620340883731842,1.1041673421859741,1.25e-05,0.5612980723381042,1.3131800889968872
84,0.6215546131134033,1.095404863357544,1.25e-05,0.5691105723381042,1.2990448474884033
85,0.6203196048736572,1.094065546989441,1.25e-05,0.5609975457191467,1.3008756637573242
86,0.6211606860160828,1.0942844152450562,1.25e-05,0.564603328704834,1.2996084690093994
87,0.6216131448745728,1.0895462036132812,1.25e-05,0.5700119733810425,1.2874534130096436
88,0.622587263584137,1.0872083902359009,1.25e-05,0.559795618057251,1.3103376626968384
89,0.6223743557929993,1.084132194519043,1.25e-05,0.5462740063667297,1.3454054594039917
90,0.623651921749115,1.077402114868164,1.25e-05,0.565504789352417,1.3056057691574097
91,0.62410968542099,1.0803052186965942,1.25e-05,0.5757211446762085,1.2780718803405762
92,0.6239340305328369,1.075585961341858,1.25e-05,0.5612980723381042,1.3058193922042847
93,0.6236252784729004,1.0744847059249878,1.25e-05,0.5628004670143127,1.3091709613800049
94,0.6249028444290161,1.0753271579742432,1.25e-05,0.5555889010429382,1.316279411315918
95,0.6227310299873352,1.0702717304229736,1.25e-05,0.5679086446762085,1.2896325588226318
96,0.6240298748016357,1.072396159172058,1.25e-05,0.560697078704834,1.3041698932647705
97,0.6231675148010254,1.0663963556289673,1.25e-05,0.5658052563667297,1.301386833190918
98,0.6249720454216003,1.0636850595474243,1.25e-05,0.5582932233810425,1.3286325931549072
99,0.6262975335121155,1.0517207384109497,6.25e-06,0.577223539352417,1.278580665588379
100,0.6297150254249573,1.0422484874725342,6.25e-06,0.5766225457191467,1.2748425006866455
101,0.6296883821487427,1.0408517122268677,6.25e-06,0.5670071840286255,1.2943392992019653
102,0.6308488249778748,1.034655213356018,6.25e-06,0.5649037957191467,1.317690134048462
103,0.6325309872627258,1.0312719345092773,6.25e-06,0.5643028616905212,1.3062822818756104
104,0.6317431330680847,1.0256739854812622,6.25e-06,0.567608118057251,1.292112112045288
105,0.6342343688011169,1.0286333560943604,6.25e-06,0.5682091116905212,1.307281255722046
106,0.6317111849784851,1.0293360948562622,6.25e-06,0.5634014010429382,1.2785115242004395
107,0.6320838332176208,1.0228655338287354,6.25e-06,0.5697115063667297,1.286042332649231
108,0.632525622844696,1.0177687406539917,3.125e-06,0.5618990063667297,1.300942301750183
109,0.6352085471153259,1.012468695640564,3.125e-06,0.5673076510429382,1.2887966632843018
110,0.6350222229957581,1.011218786239624,3.125e-06,0.5712139010429382,1.2820265293121338
111,0.6353682279586792,1.0055019855499268,3.125e-06,0.5679086446762085,1.3024756908416748
112,0.6368640065193176,1.0043786764144897,3.125e-06,0.5661057233810425,1.3017027378082275
113,0.6356450319290161,1.0011308193206787,3.125e-06,0.569411039352417,1.2897971868515015
114,0.6359643936157227,1.0027916431427002,3.125e-06,0.5670071840286255,1.2910407781600952
115,0.6372313499450684,0.9994692206382751,1.5625e-06,0.5658052563667297,1.2998669147491455
116,0.6363476514816284,0.9936773180961609,1.5625e-06,0.5621994733810425,1.2997174263000488
117,0.6395362615585327,0.9951701760292053,1.5625e-06,0.5600961446762085,1.307173728942871
118,0.6390784382820129,0.9935026168823242,1.5625e-06,0.557692289352417,1.3038283586502075
119,0.6385674476623535,0.9917809367179871,1.5625e-06,0.5658052563667297,1.297033429145813
120,0.6385727524757385,0.9930407404899597,1.5625e-06,0.5634014010429382,1.3001986742019653
0,0.19394885003566742,11.553450584411621,1e-04,0.1456117033958435,6.934239387512207
1,0.32001346349716187,4.707028388977051,1e-04,0.34507977962493896,3.560995101928711
2,0.4300599694252014,3.0790271759033203,1e-04,0.3996010422706604,2.8588430881500244
3,0.47222834825515747,2.553514003753662,1e-04,0.4045877456665039,2.532118082046509
4,0.4965675473213196,2.2949604988098145,1e-04,0.4348404109477997,2.366530656814575
5,0.5163791179656982,2.1549339294433594,1e-04,0.43450796604156494,2.2748868465423584
6,0.5287873148918152,2.048795223236084,1e-04,0.45578455924987793,2.155656576156616
7,0.5384116768836975,1.9778114557266235,1e-04,0.47506648302078247,2.0610036849975586
8,0.5393539071083069,1.937120795249939,1e-04,0.49933508038520813,1.9877333641052246
9,0.5450073480606079,1.9062048196792603,1e-04,0.495678186416626,2.0094685554504395
10,0.5487028956413269,1.8699970245361328,1e-04,0.4983377456665039,1.9891725778579712
11,0.54880690574646,1.8531066179275513,1e-04,0.5262632966041565,1.9284522533416748
12,0.5534385442733765,1.8280785083770752,1e-04,0.5189494490623474,1.915591835975647
13,0.5541360974311829,1.8035634756088257,1e-04,0.5285903811454773,1.8955950736999512
14,0.5618208646774292,1.7873051166534424,1e-04,0.49368348717689514,1.9575421810150146
15,0.5569383502006531,1.7788423299789429,1e-04,0.5315824151039124,1.8705370426177979
16,0.5605176091194153,1.7597596645355225,1e-04,0.5003324151039124,1.934044361114502
17,0.5609397888183594,1.7533299922943115,1e-04,0.4365026354789734,2.0329482555389404
18,0.5625,1.7343692779541016,1e-04,0.4833776354789734,1.8761355876922607
19,0.5609275698661804,1.731741189956665,1e-04,0.4950132966041565,1.917782187461853
20,0.5632158517837524,1.709046721458435,1e-04,0.49700796604156494,1.852561593055725
21,0.568037211894989,1.7014780044555664,1e-04,0.5216090083122253,1.8100281953811646
22,0.57217937707901,1.6803356409072876,1e-04,0.4448138177394867,2.0173583030700684
23,0.5687775611877441,1.6628543138504028,1e-04,0.5009973049163818,1.808836817741394
24,0.5715614557266235,1.6507103443145752,1e-04,0.5039893388748169,1.8040540218353271
25,0.5681412220001221,1.6562341451644897,1e-04,0.551196813583374,1.751428484916687
26,0.5700929760932922,1.6487061977386475,1e-04,0.49700796604156494,1.8134649991989136
27,0.5689305067062378,1.640334963798523,1e-04,0.519946813583374,1.7545173168182373
28,0.5712493658065796,1.634550929069519,1e-04,0.515625,1.7734304666519165
29,0.5754099488258362,1.6188912391662598,1e-04,0.4697473347187042,1.883509635925293
30,0.5734887719154358,1.6119723320007324,1e-04,0.5329121947288513,1.7332992553710938
31,0.5731461048126221,1.5977330207824707,1e-04,0.5132978558540344,1.7681306600570679
32,0.5778450965881348,1.5995888710021973,1e-04,0.4793882966041565,1.8214664459228516
33,0.5756485462188721,1.5917099714279175,1e-04,0.4893616735935211,1.8343830108642578
34,0.5744677186012268,1.5861262083053589,1e-04,0.5222738981246948,1.7195346355438232
35,0.5787444710731506,1.5621038675308228,1e-04,0.44614359736442566,1.8737499713897705
36,0.5763950347900391,1.5602198839187622,1e-04,0.5415558218955994,1.7065314054489136
37,0.5780164003372192,1.5639315843582153,1e-04,0.49202126264572144,1.7626056671142578
38,0.5787751078605652,1.549527645111084,1e-04,0.53125,1.6763898134231567
39,0.5802373886108398,1.541829228401184,1e-04,0.49202126264572144,1.784521222114563
40,0.5789280533790588,1.538906216621399,1e-04,0.5405585169792175,1.6617894172668457
41,0.5811551809310913,1.5356866121292114,1e-04,0.49069148302078247,1.7165168523788452
42,0.5803781151771545,1.5180423259735107,1e-04,0.4926861524581909,1.716882586479187
43,0.5802802443504333,1.5154469013214111,1e-04,0.5605053305625916,1.6186673641204834
44,0.5815467238426208,1.50834059715271,1e-04,0.505651593208313,1.72367525100708
45,0.5810572504997253,1.499090552330017,1e-04,0.5202792286872864,1.699011206626892
46,0.5812591910362244,1.4949617385864258,1e-04,0.501329779624939,1.72161865234375
47,0.581626296043396,1.4854360818862915,1e-04,0.43550530076026917,1.8178763389587402
48,0.5834985375404358,1.4809205532073975,1e-04,0.4547872245311737,1.7768000364303589
49,0.5811184644699097,1.4795457124710083,1e-04,0.5498669743537903,1.6050989627838135
50,0.5827459692955017,1.4632641077041626,1e-04,0.4577792286872864,1.7231777906417847
51,0.5821524858474731,1.4627330303192139,1e-04,0.522606372833252,1.614489197731018
52,0.5853707790374756,1.4558027982711792,1e-04,0.458776593208313,1.7988649606704712
53,0.5818893909454346,1.4554177522659302,1e-04,0.5232712626457214,1.6285840272903442
54,0.5827704071998596,1.4484882354736328,1e-04,0.5335770845413208,1.6304222345352173
55,0.5843856930732727,1.4425702095031738,1e-04,0.514295220375061,1.6422052383422852
56,0.5816752314567566,1.4463715553283691,1e-04,0.495678186416626,1.6856112480163574
57,0.6011257767677307,1.352262258529663,5e-05,0.53125,1.5094057321548462
58,0.6072258949279785,1.306425929069519,5e-05,0.5771276354789734,1.4142435789108276
59,0.6093000769615173,1.286081075668335,5e-05,0.535571813583374,1.4897754192352295
60,0.6073544025421143,1.269484281539917,5e-05,0.5392286777496338,1.4612109661102295
61,0.6125734448432922,1.2604079246520996,5e-05,0.5206117033958435,1.5300289392471313
62,0.6118514537811279,1.2479664087295532,5e-05,0.553856372833252,1.4258147478103638
63,0.6106889247894287,1.2415423393249512,5e-05,0.5026595592498779,1.5243074893951416
64,0.6104258298873901,1.242024302482605,5e-05,0.546875,1.4499064683914185
65,0.613368809223175,1.2348315715789795,5e-05,0.542553186416626,1.4144312143325806
66,0.6226444244384766,1.1873557567596436,2.5e-05,0.5595079660415649,1.3820335865020752
67,0.6242535710334778,1.1649770736694336,2.5e-05,0.5478723049163818,1.399346113204956
68,0.6275269389152527,1.1523051261901855,2.5e-05,0.5518617033958435,1.400222897529602
69,0.6265357136726379,1.1499276161193848,2.5e-05,0.556848406791687,1.372733235359192
70,0.6300599575042725,1.135090708732605,2.5e-05,0.5435504913330078,1.4053058624267578
71,0.6297112107276917,1.1275017261505127,2.5e-05,0.536901593208313,1.3789840936660767
72,0.630219042301178,1.1259256601333618,2.5e-05,0.5339095592498779,1.403303861618042
73,0.62967449426651,1.1226242780685425,2.5e-05,0.5535238981246948,1.3862099647521973
74,0.6307023763656616,1.114659309387207,2.5e-05,0.5435504913330078,1.3790810108184814
75,0.6300844550132751,1.1126240491867065,2.5e-05,0.551196813583374,1.373339295387268
76,0.631858766078949,1.10433828830719,2.5e-05,0.5501994490623474,1.36427640914917
77,0.6288484930992126,1.105415940284729,2.5e-05,0.5628324151039124,1.3339565992355347
78,0.6337616443634033,1.0982567071914673,2.5e-05,0.522606372833252,1.4235740900039673
79,0.6331742405891418,1.0906875133514404,2.5e-05,0.5478723049163818,1.3734312057495117
80,0.6335352659225464,1.09495210647583,2.5e-05,0.5664893388748169,1.3315602540969849
81,0.6320545673370361,1.091935157775879,2.5e-05,0.541223406791687,1.373926043510437
82,0.632721483707428,1.0916301012039185,2.5e-05,0.49368348717689514,1.4560840129852295
83,0.6337493658065796,1.089323878288269,2.5e-05,0.541223406791687,1.3631510734558105
84,0.6364108920097351,1.0874404907226562,2.5e-05,0.5691488981246948,1.3235907554626465
85,0.6346059441566467,1.088329792022705,2.5e-05,0.5631648898124695,1.327831506729126
86,0.6345080733299255,1.0829914808273315,2.5e-05,0.5565159320831299,1.3488825559616089
87,0.6353340744972229,1.0810120105743408,2.5e-05,0.5531914830207825,1.3374830484390259
88,0.6343000531196594,1.0798529386520386,2.5e-05,0.5708111524581909,1.310595154762268
89,0.6358419060707092,1.0820266008377075,2.5e-05,0.542553186416626,1.3591384887695312
90,0.6340736746788025,1.0783183574676514,2.5e-05,0.5721409320831299,1.3292694091796875
91,0.6370410919189453,1.076028823852539,2.5e-05,0.5641621947288513,1.3327629566192627
92,0.6357439756393433,1.0740387439727783,2.5e-05,0.5718085169792175,1.305724859237671
93,0.6364966034889221,1.0724430084228516,2.5e-05,0.5485371947288513,1.3387972116470337
94,0.6370105147361755,1.072923183441162,2.5e-05,0.5754653811454773,1.3078469038009644
95,0.6369432210922241,1.0712641477584839,2.5e-05,0.5362367033958435,1.3808249235153198
96,0.6361050009727478,1.067375659942627,2.5e-05,0.5654919743537903,1.3467910289764404
97,0.6364904642105103,1.0688563585281372,2.5e-05,0.573803186416626,1.2996087074279785
98,0.6373286843299866,1.0660920143127441,2.5e-05,0.5565159320831299,1.3488699197769165
99,0.6348873972892761,1.0707731246948242,2.5e-05,0.5654919743537903,1.327902913093567
100,0.6357929706573486,1.070609211921692,2.5e-05,0.5664893388748169,1.3173612356185913
101,0.6395190954208374,1.064218282699585,2.5e-05,0.542553186416626,1.3595612049102783
102,0.6392070651054382,1.0626981258392334,2.5e-05,0.5415558218955994,1.3946682214736938
103,0.6384422183036804,1.0575870275497437,2.5e-05,0.551196813583374,1.3661450147628784
104,0.6386563777923584,1.06411612033844,2.5e-05,0.5472074151039124,1.3623085021972656
105,0.6446585655212402,1.0344150066375732,1.25e-05,0.5558510422706604,1.3234409093856812
106,0.6474791765213013,1.0212242603302002,1.25e-05,0.5588430762290955,1.3252921104431152
107,0.6472344398498535,1.0162752866744995,1.25e-05,0.5625,1.3179361820220947
108,0.649565577507019,1.0122181177139282,1.25e-05,0.5585106015205383,1.3217086791992188
109,0.6512481570243835,1.0027486085891724,1.25e-05,0.5701462626457214,1.3055839538574219
110,0.6517192721366882,0.9995514154434204,1.25e-05,0.571143627166748,1.3018193244934082
111,0.6526615023612976,0.9944025874137878,1.25e-05,0.5545212626457214,1.322471022605896
112,0.6559838652610779,0.9832274913787842,6.25e-06,0.568151593208313,1.2986466884613037
113,0.6582721471786499,0.9745014309883118,6.25e-06,0.5721409320831299,1.29001784324646
114,0.6590492129325867,0.9720073342323303,6.25e-06,0.582446813583374,1.272518277168274
115,0.6581742763519287,0.9642081260681152,6.25e-06,0.5731382966041565,1.2985161542892456
116,0.6598445773124695,0.9623053669929504,6.25e-06,0.571143627166748,1.2979704141616821
117,0.6601749658584595,0.9623143672943115,6.25e-06,0.5698137879371643,1.3062387704849243
118,0.6614476442337036,0.9513235092163086,6.25e-06,0.5744680762290955,1.2804229259490967
119,0.6602361798286438,0.9553272724151611,6.25e-06,0.5721409320831299,1.2847213745117188
120,0.6603463292121887,0.9515507221221924,6.25e-06,0.576795220375061,1.2837318181991577
121,0.6613278388977051,0.9480642676353455,6.25e-06,0.5714760422706604,1.302364468574524
122,0.6634361147880554,0.9428949356079102,3.125e-06,0.5748004913330078,1.2828996181488037
123,0.664665937423706,0.9340826272964478,3.125e-06,0.5714760422706604,1.3002644777297974
124,0.6665443181991577,0.9323702454566956,3.125e-06,0.5661569237709045,1.3048862218856812
125,0.6650269031524658,0.9335100054740906,3.125e-06,0.5671542286872864,1.29736328125
126,0.6684593558311462,0.9283820986747742,3.125e-06,0.5688164830207825,1.2909748554229736
127,0.6681534647941589,0.9275408983230591,3.125e-06,0.5691488981246948,1.2957911491394043
128,0.6681228876113892,0.9295857548713684,3.125e-06,0.5651595592498779,1.3118988275527954
129,0.6661098599433899,0.9231425523757935,1.5625e-06,0.5698137879371643,1.303954005241394
130,0.6676333546638489,0.9205902218818665,1.5625e-06,0.5651595592498779,1.3037991523742676
131,0.6712188124656677,0.9176567792892456,1.5625e-06,0.5691488981246948,1.29470956325531
132,0.6694811582565308,0.9186991453170776,1.5625e-06,0.5674867033958435,1.304207682609558
133,0.6694077253341675,0.9181486964225769,1.5625e-06,0.5691488981246948,1.3001136779785156
134,0.6704233884811401,0.9168457388877869,1.5625e-06,0.5714760422706604,1.2973378896713257
0,0.255388468503952,12.515470504760742,1e-04,0.14374999701976776,8.618056297302246
1,0.41798436641693115,5.933459758758545,1e-04,0.37421876192092896,4.403048038482666
2,0.5178248882293701,3.5495917797088623,1e-04,0.43046876788139343,3.1871936321258545
3,0.556596040725708,2.7380003929138184,1e-04,0.41523438692092896,2.800791025161743
4,0.5820156335830688,2.361833095550537,1e-04,0.4574218690395355,2.442258596420288
5,0.5963773131370544,2.163938283920288,1e-04,0.39375001192092896,2.4793541431427
6,0.6059998869895935,2.031446695327759,1e-04,0.4765625,2.2705118656158447
7,0.6189640760421753,1.9202308654785156,1e-04,0.47968751192092896,2.186887502670288
8,0.6221538782119751,1.8571604490280151,1e-04,0.515625,2.0618767738342285
9,0.6284955143928528,1.8167247772216797,1e-04,0.513671875,2.019749402999878
10,0.6335915923118591,1.7661746740341187,1e-04,0.500781238079071,2.002192258834839
11,0.6358472108840942,1.7190338373184204,1e-04,0.5230469107627869,1.92314612865448
12,0.6379129886627197,1.6973625421524048,1e-04,0.518750011920929,1.9870508909225464
13,0.6386724710464478,1.6835732460021973,1e-04,0.44921875,2.0596706867218018
14,0.6441786289215088,1.6533946990966797,1e-04,0.553515613079071,1.8248817920684814
15,0.6451887488365173,1.635268211364746,1e-04,0.517578125,1.9061212539672852
16,0.6464570760726929,1.6260100603103638,1e-04,0.548828125,1.8367513418197632
17,0.6421128511428833,1.6101948022842407,1e-04,0.5433593988418579,1.7845261096954346
18,0.6475507020950317,1.5924623012542725,1e-04,0.544921875,1.8197214603424072
19,0.6477254033088684,1.5779342651367188,1e-04,0.4976562559604645,1.9187393188476562
20,0.6477025747299194,1.5735576152801514,1e-04,0.544140636920929,1.8178247213363647
21,0.6483177542686462,1.5640593767166138,1e-04,0.559374988079071,1.7542698383331299
22,0.6549175977706909,1.5488619804382324,1e-04,0.510546863079071,1.8704137802124023
23,0.6545758247375488,1.5388216972351074,1e-04,0.5484375357627869,1.7391794919967651
24,0.6538087725639343,1.536794900894165,1e-04,0.520703136920929,1.818122148513794
25,0.6569226384162903,1.5244070291519165,1e-04,0.512890636920929,1.8424402475357056
26,0.6552821397781372,1.5186196565628052,1e-04,0.532031238079071,1.7728973627090454
27,0.6550619006156921,1.5148628950119019,1e-04,0.556640625,1.694597840309143
28,0.6552062034606934,1.5131183862686157,1e-04,0.555859386920929,1.7579929828643799
29,0.6584567427635193,1.5003384351730347,1e-04,0.51953125,1.7818984985351562
30,0.6566720008850098,1.4937494993209839,1e-04,0.513671875,1.8116464614868164
31,0.6601959466934204,1.4787652492523193,1e-04,0.513671875,1.775045394897461
32,0.6569758057594299,1.474270224571228,1e-04,0.547656238079071,1.70323646068573
33,0.6581605672836304,1.4728652238845825,1e-04,0.5082031488418579,1.795022964477539
34,0.6582592725753784,1.4701077938079834,1e-04,0.5472656488418579,1.693982481956482
35,0.6568922400474548,1.4571946859359741,1e-04,0.575390636920929,1.6905580759048462
36,0.6581225991249084,1.4580835103988647,1e-04,0.532031238079071,1.7552584409713745
37,0.6612744331359863,1.446207046508789,1e-04,0.5796875357627869,1.657806634902954
38,0.6594288945198059,1.4407663345336914,1e-04,0.578125,1.629707932472229
39,0.6599149703979492,1.4358851909637451,1e-04,0.535937488079071,1.7015446424484253
40,0.6603554487228394,1.4340715408325195,1e-04,0.5464844107627869,1.6742695569992065
41,0.6574390530586243,1.4327988624572754,1e-04,0.48906251788139343,1.7874797582626343
42,0.66374272108078,1.4157558679580688,1e-04,0.5210937857627869,1.7381746768951416
43,0.6587757468223572,1.417697548866272,1e-04,0.3753906190395355,2.1391308307647705
44,0.6627705693244934,1.4131783246994019,1e-04,0.53515625,1.7260715961456299
45,0.6618212461471558,1.408413290977478,1e-04,0.5765625238418579,1.5996559858322144
46,0.6616085767745972,1.402805209159851,1e-04,0.572265625,1.5981515645980835
47,0.6617149114608765,1.395851969718933,1e-04,0.557812511920929,1.6116256713867188
48,0.6639933586120605,1.3905014991760254,1e-04,0.498046875,1.74578857421875
49,0.6642743349075317,1.381699562072754,1e-04,0.55859375,1.6369339227676392
50,0.6613655686378479,1.3834233283996582,1e-04,0.4652343690395355,1.8142811059951782
51,0.6659679412841797,1.369254469871521,1e-04,0.545703113079071,1.6309934854507446
52,0.6658236384391785,1.3730353116989136,1e-04,0.5152344107627869,1.6614738702774048
53,0.6656110286712646,1.3638498783111572,1e-04,0.577343761920929,1.5641731023788452
54,0.6671603322029114,1.3583650588989258,1e-04,0.5464844107627869,1.6292060613632202
55,0.6675856709480286,1.3492131233215332,1e-04,0.537109375,1.650776743888855
56,0.6677451133728027,1.3403562307357788,1e-04,0.5503906607627869,1.6049774885177612
57,0.6707298755645752,1.3404181003570557,1e-04,0.578906238079071,1.56075119972229
58,0.6675780415534973,1.3360697031021118,1e-04,0.584765613079071,1.5388399362564087
59,0.6667502522468567,1.3309663534164429,1e-04,0.5160156488418579,1.678412675857544
60,0.6683071255683899,1.3242568969726562,1e-04,0.557421863079071,1.5815696716308594
61,0.668648898601532,1.328366756439209,1e-04,0.5390625,1.6669734716415405
62,0.6704716682434082,1.314276099205017,1e-04,0.541015625,1.6085699796676636
63,0.6709805130958557,1.3105536699295044,1e-04,0.557421863079071,1.548693299293518
64,0.6701526641845703,1.3096673488616943,1e-04,0.576171875,1.5739866495132446
65,0.6687932014465332,1.3038713932037354,1e-04,0.5367187857627869,1.5710601806640625
66,0.686633288860321,1.2151682376861572,5e-05,0.5718750357627869,1.4736380577087402
67,0.6897547245025635,1.1715571880340576,5e-05,0.573046863079071,1.4349795579910278
68,0.6939849853515625,1.1481391191482544,5e-05,0.5796875357627869,1.455574870109558
69,0.6939697861671448,1.1350178718566895,5e-05,0.590624988079071,1.3880189657211304
70,0.6929520964622498,1.1232694387435913,5e-05,0.5687500238418579,1.4257638454437256
71,0.6947748064994812,1.1190156936645508,5e-05,0.589062511920929,1.4126490354537964
72,0.696407675743103,1.1123765707015991,5e-05,0.584765613079071,1.4233458042144775
73,0.6962406039237976,1.1086140871047974,5e-05,0.573046863079071,1.4234496355056763
74,0.6936052441596985,1.105968952178955,5e-05,0.5796875357627869,1.4406697750091553
75,0.6964457035064697,1.0998209714889526,5e-05,0.5648437738418579,1.4319089651107788
76,0.6962330341339111,1.0937167406082153,5e-05,0.54296875,1.4969353675842285
77,0.7051644325256348,1.0521172285079956,2.5e-05,0.5875000357627869,1.3519294261932373
78,0.7078681588172913,1.0294532775878906,2.5e-05,0.602734386920929,1.3281397819519043
79,0.7106934189796448,1.0163100957870483,2.5e-05,0.5621094107627869,1.4104905128479004
80,0.71135413646698,1.0063942670822144,2.5e-05,0.608203113079071,1.3047369718551636
81,0.7120984196662903,1.0030657052993774,2.5e-05,0.594921886920929,1.3382419347763062
82,0.7121971845626831,0.9929212927818298,2.5e-05,0.602734386920929,1.3117809295654297
83,0.7132528424263,0.9836788773536682,2.5e-05,0.5992187857627869,1.2951136827468872
84,0.7142629623413086,0.9819616079330444,2.5e-05,0.5687500238418579,1.3420809507369995
85,0.7136021852493286,0.9786403775215149,2.5e-05,0.583984375,1.3405468463897705
86,0.7119541168212891,0.9744791984558105,2.5e-05,0.589062511920929,1.319757342338562
87,0.7146123051643372,0.9653254151344299,2.5e-05,0.595703125,1.3247560262680054
88,0.7153869867324829,0.9653550386428833,2.5e-05,0.56640625,1.3717801570892334
89,0.7125921249389648,0.9649399518966675,2.5e-05,0.5859375,1.3376858234405518
90,0.7168451547622681,0.9573159217834473,2.5e-05,0.5609375238418579,1.3943226337432861
91,0.7205438017845154,0.938504695892334,1.25e-05,0.590624988079071,1.3204059600830078
92,0.7242424488067627,0.9205775260925293,1.25e-05,0.5921875238418579,1.3176370859146118
93,0.724325954914093,0.9097788333892822,1.25e-05,0.5980468988418579,1.287089228630066
94,0.7235437035560608,0.9127506017684937,1.25e-05,0.5757812857627869,1.358107089996338
95,0.7259588241577148,0.9062035083770752,1.25e-05,0.5960937738418579,1.312087059020996
96,0.7262930274009705,0.898106038570404,1.25e-05,0.599609375,1.3117890357971191
97,0.7279714345932007,0.8951780200004578,1.25e-05,0.6011719107627869,1.3104586601257324
98,0.7278271317481995,0.8914141058921814,1.25e-05,0.5707031488418579,1.3556582927703857
99,0.7273563146591187,0.89161616563797,1.25e-05,0.5707031488418579,1.3633917570114136
100,0.7285638451576233,0.885057270526886,1.25e-05,0.5777344107627869,1.3521614074707031
101,0.7325966358184814,0.8718449473381042,6.25e-06,0.586718738079071,1.339215636253357
102,0.7344346046447754,0.8620825409889221,6.25e-06,0.588671863079071,1.3212275505065918
103,0.7351105213165283,0.8543270826339722,6.25e-06,0.578906238079071,1.3550788164138794
104,0.7353155612945557,0.8563276529312134,6.25e-06,0.5902343988418579,1.3232918977737427
105,0.7368269562721252,0.8497033715248108,6.25e-06,0.59375,1.3068503141403198
106,0.7363712191581726,0.849282443523407,6.25e-06,0.591796875,1.3204256296157837
107,0.7371838688850403,0.8464633226394653,6.25e-06,0.59375,1.315212607383728
108,0.7368801236152649,0.8370878100395203,3.125e-06,0.58984375,1.3279565572738647
109,0.7391281127929688,0.8363963961601257,3.125e-06,0.589062511920929,1.3305894136428833
110,0.7393484115600586,0.8314065933227539,3.125e-06,0.592968761920929,1.3181895017623901
111,0.7395230531692505,0.8311306238174438,3.125e-06,0.5953125357627869,1.318730354309082
112,0.7402977347373962,0.8260980248451233,3.125e-06,0.594531238079071,1.3180209398269653
113,0.7418318390846252,0.8230458498001099,3.125e-06,0.5859375,1.344514012336731
